<?xml version="1.0" encoding="UTF-8"?>
<testsuite name="SimpleBankSystemTest" tests="1" skipped="0" failures="0" errors="0" timestamp="2020-08-03T13:04:13" hostname="Callum" time="0.513">
  <properties/>
  <testcase name="start" classname="SimpleBankSystemTest" time="0.513"/>
  <system-out><![CDATA[?[1;31m
Start test 1?[0m
Successfully connected to the database
1. Create an account
2. Log into account
0. Exit
> 0
Bye!
?[1;31m
Start test 2?[0m
Successfully connected to the database
1. Create an account
2. Log into account
0. Exit
> 0
Bye!
?[1;31m
Start test 3?[0m
Successfully connected to the database
1. Create an account
2. Log into account
0. Exit
> 0
Bye!
?[1;31m
Start test 4?[0m
Successfully connected to the database
1. Create an account
2. Log into account
0. Exit
> 0
Bye!
?[1;31m
Start test 5?[0m
Successfully connected to the database
1. Create an account
2. Log into account
0. Exit
> 1
Your card has been created
Your card number:
4000006027984466
Your card PIN:
7450
1. Create an account
2. Log into account
0. Exit
> 1
Your card has been created
Your card number:
4000008258981872
Your card PIN:
8887
1. Create an account
2. Log into account
0. Exit
> 1
Your card has been created
Your card number:
4000005663442276
Your card PIN:
6288
1. Create an account
2. Log into account
0. Exit
> 1
Your card has been created
Your card number:
4000005230571771
Your card PIN:
4311
1. Create an account
2. Log into account
0. Exit
> 0
Bye!
?[1;31m
Start test 6?[0m
Successfully connected to the database
1. Create an account
2. Log into account
0. Exit
> 1
Your card has been created
Your card number:
4000001831340799
Your card PIN:
4905
1. Create an account
2. Log into account
0. Exit
> 2
Enter your card number:
> 4000001831340799
Enter your PIN:
> 4905
You have successfully logged in!
1. Balance
2. Add income
3. Do transfer
4. Close Account
5. Log out
0. Exit
> 0
Bye!
?[1;31m
Start test 7?[0m
Successfully connected to the database
1. Create an account
2. Log into account
0. Exit
> 1
Your card has been created
Your card number:
4000002493319642
Your card PIN:
5398
1. Create an account
2. Log into account
0. Exit
> 2
Enter your card number:
> 4000002493319642
Enter your PIN:
> 3796
Wrong card number or PIN!
1. Create an account
2. Log into account
0. Exit
> 0
Bye!
?[1;31m
Start test 8?[0m
Successfully connected to the database
1. Create an account
2. Log into account
0. Exit
> 1
Your card has been created
Your card number:
4000008296127165
Your card PIN:
7652
1. Create an account
2. Log into account
0. Exit
> 2
Enter your card number:
> 400000702459983
Enter your PIN:
> 7652
Wrong card number or PIN!
1. Create an account
2. Log into account
0. Exit
> 0
Bye!
?[1;31m
Start test 9?[0m
Successfully connected to the database
1. Create an account
2. Log into account
0. Exit
> 1
Your card has been created
Your card number:
4000005431585216
Your card PIN:
5401
1. Create an account
2. Log into account
0. Exit
> 2
Enter your card number:
> 4000005431585216
Enter your PIN:
> 5401
You have successfully logged in!
1. Balance
2. Add income
3. Do transfer
4. Close Account
5. Log out
0. Exit
> 1
0
You have successfully logged in!
1. Balance
2. Add income
3. Do transfer
4. Close Account
5. Log out
0. Exit
> 0
Bye!
?[1;31m
Start test 10?[0m
Successfully connected to the database
1. Create an account
2. Log into account
0. Exit
> 1
Your card has been created
Your card number:
4000009448734742
Your card PIN:
3117
1. Create an account
2. Log into account
0. Exit
> 2
Enter your card number:
> 4000009448734742
Enter your PIN:
> 3117
You have successfully logged in!
1. Balance
2. Add income
3. Do transfer
4. Close Account
5. Log out
0. Exit
> 2
Enter income:
> 10000
You have successfully logged in!
1. Balance
2. Add income
3. Do transfer
4. Close Account
5. Log out
0. Exit
> 2
Enter income:
> 15000
You have successfully logged in!
1. Balance
2. Add income
3. Do transfer
4. Close Account
5. Log out
0. Exit
> 0
Bye!
?[1;31m
Start test 11?[0m
Successfully connected to the database
1. Create an account
2. Log into account
0. Exit
> 1
Your card has been created
Your card number:
4000008598466576
Your card PIN:
8183
1. Create an account
2. Log into account
0. Exit
> 2
Enter your card number:
> 4000008598466576
Enter your PIN:
> 8183
You have successfully logged in!
1. Balance
2. Add income
3. Do transfer
4. Close Account
5. Log out
0. Exit
> 4
The account has been closed.
1. Create an account
2. Log into account
0. Exit
> 0
Bye!
]]></system-out>
  <system-err><![CDATA[]]></system-err>
</testsuite>
